<?xml version="1.0" encoding="UTF-8"?>
<!-- Generated by org.testng.reporters.JUnitReportReporter -->
<testsuite hostname="LAPTOP-MH9RAMGA" failures="0" tests="3" name="test_login.data" time="49.050" errors="0" timestamp="2022-04-16T11:33:54 IST" skipped="0">
  <testcase classname="test_login.data" name="loginTest" time="15.803"/>
  <system-out/>
  <testcase classname="test_login.data" name="loginTest" time="18.956"/>
  <system-out/>
  <testcase classname="test_login.data" name="loginTest" time="14.291"/>
  <system-out/>
</testsuite> <!-- test_login.data -->
